<?xml version="1.0" encoding="UTF-8"?>
<testng-results skipped="0" failed="0" ignored="0" total="1" passed="1">
  <reporter-output>
  </reporter-output>
  <suite name="Default suite" duration-ms="9685" started-at="2018-02-03T01:48:13Z" finished-at="2018-02-03T01:48:23Z">
    <groups>
    </groups>
    <test name="Default test" duration-ms="9685" started-at="2018-02-03T01:48:13Z" finished-at="2018-02-03T01:48:23Z">
      <class name="com.br.MyTest">
        <test-method status="PASS" signature="nomeClasse()[pri:0, instance:com.br.MyTest@77caeb3e]" name="nomeClasse" duration-ms="9641" started-at="2018-02-02T23:48:13Z" finished-at="2018-02-02T23:48:23Z">
          <reporter-output>
          </reporter-output>
        </test-method> <!-- nomeClasse -->
      </class> <!-- com.br.MyTest -->
    </test> <!-- Default test -->
  </suite> <!-- Default suite -->
</testng-results>
